<!DOCTYPE html PUBLIC "-//W3C//DTD XHTML 1.1//EN" "http://www.w3.org/TR/xhtml11/DTD/xhtml11.dtd">
<html xmlns="http://www.w3.org/1999/xhtml"><head><title>TestNG Report</title><style type="text/css">table {margin-bottom:10px;border-collapse:collapse;empty-cells:show}th,td {border:1px solid #009;padding:.25em .5em}th {vertical-align:bottom}td {vertical-align:top}table a {font-weight:bold}.stripe td {background-color: #E6EBF9}.num {text-align:right}.passedodd td {background-color: #3F3}.passedeven td {background-color: #0A0}.skippedodd td {background-color: #DDD}.skippedeven td {background-color: #CCC}.failedodd td,.attn {background-color: #F33}.failedeven td,.stripe .attn {background-color: #D00}.stacktrace {white-space:pre;font-family:monospace}.totop {font-size:85%;text-align:center;border-bottom:2px solid #000}</style></head><body><table><tr><th>Test</th><th># Passed</th><th># Skipped</th><th># Failed</th><th>Time (ms)</th><th>Included Groups</th><th>Excluded Groups</th></tr><tr><th colspan="7">testsuit</th></tr><tr><td><a href="#t0">BenefitsTest</a></td><td class="num">0</td><td class="num attn">1</td><td class="num">0</td><td class="num">24,069</td><td></td><td></td></tr><tr class="stripe"><td><a href="#t1">BenefitsTest1</a></td><td class="num">0</td><td class="num">0</td><td class="num attn">1</td><td class="num">73,794</td><td></td><td></td></tr><tr><th>Total</th><th class="num">0</th><th class="num attn">1</th><th class="num attn">1</th><th class="num">97,863</th><th colspan="2"></th></tr></table><table><thead><tr><th>Class</th><th>Method</th><th>Start</th><th>Time (ms)</th></tr></thead><tbody><tr><th colspan="4">testsuit</th></tr></tbody><tbody id="t0"><tr><th colspan="4">BenefitsTest &#8212; failed (configuration methods)</th></tr><tr class="failedeven"><td rowspan="1">uk.gov.harrow.testsuit.BenefitsTest</td><td><a href="#m0">openBrowser</a></td><td rowspan="1">1587593701315</td><td rowspan="1">0</td></tr><tr><th colspan="4">BenefitsTest &#8212; skipped (configuration methods)</th></tr><tr class="skippedeven"><td rowspan="1">uk.gov.harrow.testsuit.BenefitsTest</td><td><a href="#m1">setUp</a></td><td rowspan="1">1587593725162</td><td rowspan="1">0</td></tr><tr><th colspan="4">BenefitsTest &#8212; skipped</th></tr><tr class="skippedeven"><td rowspan="1">uk.gov.harrow.testsuit.BenefitsTest</td><td><a href="#m2">verifyUserIsAbleToNavigateToBenefitsPage</a></td><td rowspan="1">1587593725162</td><td rowspan="1">2</td></tr></tbody><tbody id="t1"><tr><th colspan="4">BenefitsTest1 &#8212; failed</th></tr><tr class="failedeven"><td rowspan="1">uk.gov.harrow.testsuit.BenefitsTest1</td><td><a href="#m3">verifyUserIsAbleToNavigateToBenefitsPage</a></td><td rowspan="1">1587593794614</td><td rowspan="1">1353</td></tr></tbody></table><h2>BenefitsTest</h2><h3 id="m0">uk.gov.harrow.testsuit.BenefitsTest#openBrowser</h3><table class="result"><tr><th>Exception</th></tr><tr><td><div class="stacktrace">org.openqa.selenium.WebDriverException: Timed out waiting for driver server to start.
Build info: version: &apos;3.141.59&apos;, revision: &apos;e82be7d358&apos;, time: &apos;2018-11-14T08:17:03&apos;
System info: host: &apos;DESKTOP-97F9FNJ&apos;, ip: &apos;192.168.0.20&apos;, os.name: &apos;Windows 10&apos;, os.arch: &apos;amd64&apos;, os.version: &apos;10.0&apos;, java.version: &apos;1.8.0_121&apos;
Driver info: driver.version: ChromeDriver
	at org.openqa.selenium.remote.service.DriverService.waitUntilAvailable(DriverService.java:202)
	at org.openqa.selenium.remote.service.DriverService.start(DriverService.java:188)
	at org.openqa.selenium.remote.service.DriverCommandExecutor.execute(DriverCommandExecutor.java:79)
	at org.openqa.selenium.remote.RemoteWebDriver.execute(RemoteWebDriver.java:552)
	at org.openqa.selenium.remote.RemoteWebDriver.startSession(RemoteWebDriver.java:213)
	at org.openqa.selenium.remote.RemoteWebDriver.&lt;init&gt;(RemoteWebDriver.java:131)
	at org.openqa.selenium.chrome.ChromeDriver.&lt;init&gt;(ChromeDriver.java:181)
	at org.openqa.selenium.chrome.ChromeDriver.&lt;init&gt;(ChromeDriver.java:168)
	at org.openqa.selenium.chrome.ChromeDriver.&lt;init&gt;(ChromeDriver.java:123)
	at uk.gov.harrow.browserselector.BrowserSelector.selectorBrowser(BrowserSelector.java:15)
	at uk.gov.harrow.testbase.TestBase.openBrowser(TestBase.java:22)
	at com.intellij.rt.testng.IDEARemoteTestNG.run(IDEARemoteTestNG.java:66)
	at com.intellij.rt.testng.RemoteTestNGStarter.main(RemoteTestNGStarter.java:110)
Caused by: org.openqa.selenium.net.UrlChecker$TimeoutException: Timed out waiting for [http://localhost:12843/status] to be available after 20058 ms
	at org.openqa.selenium.net.UrlChecker.waitUntilAvailable(UrlChecker.java:100)
	at org.openqa.selenium.remote.service.DriverService.waitUntilAvailable(DriverService.java:197)
	... 35 more
Caused by: java.util.concurrent.TimeoutException
	at java.util.concurrent.FutureTask.get(FutureTask.java:205)
	at com.google.common.util.concurrent.SimpleTimeLimiter.callWithTimeout(SimpleTimeLimiter.java:156)
	at org.openqa.selenium.net.UrlChecker.waitUntilAvailable(UrlChecker.java:75)
	... 36 more
... Removed 23 stack frames</div></td></tr></table><p class="totop"><a href="#summary">back to summary</a></p><h3 id="m1">uk.gov.harrow.testsuit.BenefitsTest#setUp</h3><table class="result"></table><p class="totop"><a href="#summary">back to summary</a></p><h3 id="m2">uk.gov.harrow.testsuit.BenefitsTest#verifyUserIsAbleToNavigateToBenefitsPage</h3><table class="result"></table><p class="totop"><a href="#summary">back to summary</a></p><h2>BenefitsTest1</h2><h3 id="m3">uk.gov.harrow.testsuit.BenefitsTest1#verifyUserIsAbleToNavigateToBenefitsPage</h3><table class="result"><tr><th>Messages</th></tr><tr><td><div class="messages">clicking on Main menu[[ChromeDriver: chrome on WINDOWS (a73746bd1f150dab795161f49219b2fa)] -&gt; xpath: //nav[@class=&apos;nav nav--primary&apos;]]&lt;br&gt;<br/>Click to see screenshot<br/>&lt;a target = &quot;_blank&quot; href=C:\Users\Admin\IdeaProjects\HOMEWORK220420\Harrow-Page-Factory/test-output/html/verifyUserIsAbleToNavigateToBenefitsPageWedApr22231637BST2020.jpg&gt;Screenshot&lt;/a&gt;<br/>&lt;br&gt;<br/>&lt;br&gt;<br/>&lt;a target = &quot;_blank&quot; href=C:\Users\Admin\IdeaProjects\HOMEWORK220420\Harrow-Page-Factory/test-output/html/verifyUserIsAbleToNavigateToBenefitsPageWedApr22231637BST2020.jpg&gt;&lt;img src=C:\Users\Admin\IdeaProjects\HOMEWORK220420\Harrow-Page-Factory/test-output/html/verifyUserIsAbleToNavigateToBenefitsPageWedApr22231637BST2020.jpg height=200 width=200&gt;&lt;/img&gt;&lt;/a&gt;</div></td></tr><tr><th>Exception</th></tr><tr><td><div class="stacktrace">org.openqa.selenium.JavascriptException: javascript error: Failed to execute &apos;elementsFromPoint&apos; on &apos;Document&apos;: The provided double value is non-finite.
  (Session info: chrome=81.0.4044.122)
Build info: version: &apos;3.141.59&apos;, revision: &apos;e82be7d358&apos;, time: &apos;2018-11-14T08:17:03&apos;
System info: host: &apos;DESKTOP-97F9FNJ&apos;, ip: &apos;192.168.0.20&apos;, os.name: &apos;Windows 10&apos;, os.arch: &apos;amd64&apos;, os.version: &apos;10.0&apos;, java.version: &apos;1.8.0_121&apos;
Driver info: org.openqa.selenium.chrome.ChromeDriver
Capabilities {acceptInsecureCerts: false, browserName: chrome, browserVersion: 81.0.4044.122, chrome: {chromedriverVersion: 80.0.3987.106 (f68069574609..., userDataDir: C:\Users\Admin\AppData\Loca...}, goog:chromeOptions: {debuggerAddress: localhost:65051}, javascriptEnabled: true, networkConnectionEnabled: false, pageLoadStrategy: normal, platform: WINDOWS, platformName: WINDOWS, proxy: Proxy(), setWindowRect: true, strictFileInteractability: false, timeouts: {implicit: 0, pageLoad: 300000, script: 30000}, unhandledPromptBehavior: dismiss and notify}
Session ID: a73746bd1f150dab795161f49219b2fa
	at org.openqa.selenium.remote.http.W3CHttpResponseCodec.createException(W3CHttpResponseCodec.java:187)
	at org.openqa.selenium.remote.http.W3CHttpResponseCodec.decode(W3CHttpResponseCodec.java:122)
	at org.openqa.selenium.remote.http.W3CHttpResponseCodec.decode(W3CHttpResponseCodec.java:49)
	at org.openqa.selenium.remote.HttpCommandExecutor.execute(HttpCommandExecutor.java:158)
	at org.openqa.selenium.remote.service.DriverCommandExecutor.execute(DriverCommandExecutor.java:83)
	at org.openqa.selenium.remote.RemoteWebDriver.execute(RemoteWebDriver.java:552)
	at org.openqa.selenium.remote.RemoteWebDriver.perform(RemoteWebDriver.java:618)
	at org.openqa.selenium.interactions.Actions$BuiltAction.perform(Actions.java:639)
	at org.openqa.selenium.interactions.Actions.perform(Actions.java:595)
	at uk.gov.harrow.utility.Utility.mouseHoverToElementAndClick(Utility.java:91)
	at uk.gov.harrow.pages.HomePage.mouseHoverOnBenefitsAndClick(HomePage.java:43)
	at uk.gov.harrow.testsuit.BenefitsTest1.verifyUserIsAbleToNavigateToBenefitsPage(BenefitsTest1.java:26)
	at com.intellij.rt.testng.IDEARemoteTestNG.run(IDEARemoteTestNG.java:66)
	at com.intellij.rt.testng.RemoteTestNGStarter.main(RemoteTestNGStarter.java:110)
... Removed 25 stack frames</div></td></tr></table><p class="totop"><a href="#summary">back to summary</a></p></body></html>